<?xml version="1.0" encoding="UTF-8"?>
<!-- Generated by org.testng.reporters.JUnitReportReporter -->
<testsuite hostname="Richard" failures="0" tests="1" name="util.BrowserFactory" time="3.315" errors="0" timestamp="2024-08-27T12:54:30 CDT" skipped="0">
  <testcase classname="util.BrowserFactory" name="init" time="3.315"/>
  <system-out/>
</testsuite> <!-- util.BrowserFactory -->
