<?xml version="1.0" encoding="UTF-8"?>
<!-- Generated by org.testng.reporters.JUnitReportReporter -->
<testsuite hostname="Richard" failures="0" tests="1" name="test.LoginTest" time="14.374" errors="0" timestamp="2024-08-28T14:29:16 CDT" skipped="0">
  <testcase classname="test.LoginTest" name="validUserShouldBeAbleToAddCustomer" time="14.374"/>
  <system-out/>
</testsuite> <!-- test.LoginTest -->
